<?xml version="1.0" encoding="UTF-8"?>
<!-- Generated by org.testng.reporters.JUnitReportReporter -->
<testsuite hostname="DESKTOP-KU7UDDC" failures="0" tests="1" name="runner.RunCuke" time="0.182" errors="0" timestamp="2024-07-27T00:55:33 IST" skipped="0">
  <testcase classname="runner.RunCuke" name="runScenario" time="0.182"/>
  <system-out/>
</testsuite> <!-- runner.RunCuke -->
