<?xml version="1.0" encoding="UTF-8"?>
<!-- Generated by org.testng.reporters.JUnitReportReporter -->
<testsuite hostname="DESKTOP-KU7UDDC" failures="0" tests="3" name="runner.RunCuke" time="5.467" errors="0" timestamp="2024-07-29T03:30:30 IST" skipped="0">
  <testcase classname="runner.RunCuke" name="runScenario" time="1.737"/>
  <system-out/>
  <testcase classname="runner.RunCuke" name="runScenario" time="2.273"/>
  <system-out/>
  <testcase classname="runner.RunCuke" name="runScenario" time="1.457"/>
  <system-out/>
</testsuite> <!-- runner.RunCuke -->
